2024-09-25 17:59:39,941 - __main__ - DEBUG - Create new map rrr
2024-09-25 17:59:54,487 - __main__ - DEBUG - Create new map rrr
2024-09-25 18:16:10,289 - __main__ - DEBUG - Create new map  Huh
2024-09-25 18:22:20,985 - __main__ - DEBUG - Create new map hhh
2024-09-25 18:32:26,487 - __main__ - DEBUG - Create new map eee
2024-09-25 20:03:24,087 - __main__ - DEBUG - Create new map mod1
2024-09-25 20:05:45,620 - __main__ - DEBUG - Create new map goop
2024-09-25 20:08:02,772 - __main__ - DEBUG - Create new map huh
2024-09-25 20:13:41,190 - __main__ - DEBUG - Create new map wait
2024-09-25 20:14:26,266 - __main__ - DEBUG - Create new map what
2024-09-25 20:20:53,995 - __main__ - DEBUG - Create new gamemode hello
2024-09-25 20:21:00,288 - __main__ - DEBUG - Create new mod wtf
2024-09-25 20:21:43,604 - __main__ - DEBUG - Create new mod im legi
2024-09-25 20:57:51,175 - __main__ - DEBUG - Create new mod huh
2024-09-25 20:57:55,995 - __main__ - DEBUG - Create new gamemode guh
2024-09-25 20:58:00,571 - __main__ - DEBUG - Create new map but1
2024-09-25 21:01:06,180 - __main__ - DEBUG - <ModPack 1>
2024-09-25 21:01:29,913 - __main__ - DEBUG - <ModPack 1>
2024-09-25 21:04:59,017 - __main__ - DEBUG - Create new map 1
2024-09-25 21:05:02,071 - __main__ - DEBUG - Create new gamemode 1
2024-09-25 21:05:04,384 - __main__ - DEBUG - Create new mod 1
2024-09-25 21:05:12,527 - __main__ - DEBUG - <ModPack 1>
